mode: set
github.com/DigiSocialBlock/nexus-protocol/pkg/dds/storage/manager.go:31.57,32.34 1 1
github.com/DigiSocialBlock/nexus-protocol/pkg/dds/storage/manager.go:32.34,34.3 1 1
github.com/DigiSocialBlock/nexus-protocol/pkg/dds/storage/manager.go:43.2,43.63 1 1
github.com/DigiSocialBlock/nexus-protocol/pkg/dds/storage/manager.go:43.63,45.3 1 1
github.com/DigiSocialBlock/nexus-protocol/pkg/dds/storage/manager.go:46.2,46.17 1 1
github.com/DigiSocialBlock/nexus-protocol/pkg/dds/storage/manager.go:66.86,67.39 1 1
github.com/DigiSocialBlock/nexus-protocol/pkg/dds/storage/manager.go:67.39,69.3 1 1
github.com/DigiSocialBlock/nexus-protocol/pkg/dds/storage/manager.go:70.2,70.52 1 1
github.com/DigiSocialBlock/nexus-protocol/pkg/dds/storage/manager.go:70.52,72.3 1 0
github.com/DigiSocialBlock/nexus-protocol/pkg/dds/storage/manager.go:73.2,75.8 1 1
github.com/DigiSocialBlock/nexus-protocol/pkg/dds/storage/manager.go:78.78,80.16 2 1
github.com/DigiSocialBlock/nexus-protocol/pkg/dds/storage/manager.go:80.16,82.3 1 0
github.com/DigiSocialBlock/nexus-protocol/pkg/dds/storage/manager.go:85.2,85.50 1 1
github.com/DigiSocialBlock/nexus-protocol/pkg/dds/storage/manager.go:89.75,90.34 1 1
github.com/DigiSocialBlock/nexus-protocol/pkg/dds/storage/manager.go:90.34,92.3 1 1
github.com/DigiSocialBlock/nexus-protocol/pkg/dds/storage/manager.go:93.2,93.17 1 1
github.com/DigiSocialBlock/nexus-protocol/pkg/dds/storage/manager.go:93.17,95.3 1 1
github.com/DigiSocialBlock/nexus-protocol/pkg/dds/storage/manager.go:97.2,98.16 2 1
github.com/DigiSocialBlock/nexus-protocol/pkg/dds/storage/manager.go:98.16,100.3 1 0
github.com/DigiSocialBlock/nexus-protocol/pkg/dds/storage/manager.go:102.2,107.16 4 1
github.com/DigiSocialBlock/nexus-protocol/pkg/dds/storage/manager.go:107.16,109.3 1 0
github.com/DigiSocialBlock/nexus-protocol/pkg/dds/storage/manager.go:110.2,110.12 1 1
github.com/DigiSocialBlock/nexus-protocol/pkg/dds/storage/manager.go:114.75,115.34 1 1
github.com/DigiSocialBlock/nexus-protocol/pkg/dds/storage/manager.go:115.34,117.3 1 1
github.com/DigiSocialBlock/nexus-protocol/pkg/dds/storage/manager.go:118.2,119.16 2 1
github.com/DigiSocialBlock/nexus-protocol/pkg/dds/storage/manager.go:119.16,121.3 1 0
github.com/DigiSocialBlock/nexus-protocol/pkg/dds/storage/manager.go:123.2,127.16 4 1
github.com/DigiSocialBlock/nexus-protocol/pkg/dds/storage/manager.go:127.16,128.25 1 1
github.com/DigiSocialBlock/nexus-protocol/pkg/dds/storage/manager.go:128.25,130.4 1 1
github.com/DigiSocialBlock/nexus-protocol/pkg/dds/storage/manager.go:131.3,131.91 1 0
github.com/DigiSocialBlock/nexus-protocol/pkg/dds/storage/manager.go:133.2,133.18 1 1
github.com/DigiSocialBlock/nexus-protocol/pkg/dds/storage/manager.go:137.68,138.34 1 1
github.com/DigiSocialBlock/nexus-protocol/pkg/dds/storage/manager.go:138.34,140.3 1 1
github.com/DigiSocialBlock/nexus-protocol/pkg/dds/storage/manager.go:141.2,142.16 2 1
github.com/DigiSocialBlock/nexus-protocol/pkg/dds/storage/manager.go:142.16,144.3 1 0
github.com/DigiSocialBlock/nexus-protocol/pkg/dds/storage/manager.go:146.2,150.16 4 1
github.com/DigiSocialBlock/nexus-protocol/pkg/dds/storage/manager.go:150.16,152.3 1 1
github.com/DigiSocialBlock/nexus-protocol/pkg/dds/storage/manager.go:153.2,153.24 1 1
github.com/DigiSocialBlock/nexus-protocol/pkg/dds/storage/manager.go:153.24,155.3 1 1
github.com/DigiSocialBlock/nexus-protocol/pkg/dds/storage/manager.go:156.2,156.94 1 0
github.com/DigiSocialBlock/nexus-protocol/pkg/dds/storage/manager.go:160.63,161.34 1 1
github.com/DigiSocialBlock/nexus-protocol/pkg/dds/storage/manager.go:161.34,163.3 1 1
github.com/DigiSocialBlock/nexus-protocol/pkg/dds/storage/manager.go:164.2,165.16 2 1
github.com/DigiSocialBlock/nexus-protocol/pkg/dds/storage/manager.go:165.16,167.3 1 0
github.com/DigiSocialBlock/nexus-protocol/pkg/dds/storage/manager.go:169.2,173.16 4 1
github.com/DigiSocialBlock/nexus-protocol/pkg/dds/storage/manager.go:173.16,174.25 1 1
github.com/DigiSocialBlock/nexus-protocol/pkg/dds/storage/manager.go:174.25,176.4 1 1
github.com/DigiSocialBlock/nexus-protocol/pkg/dds/storage/manager.go:177.3,177.86 1 0
github.com/DigiSocialBlock/nexus-protocol/pkg/dds/storage/manager.go:179.2,179.12 1 1
github.com/DigiSocialBlock/nexus-protocol/pkg/dds/storage/manager.go:184.75,185.34 1 1
github.com/DigiSocialBlock/nexus-protocol/pkg/dds/storage/manager.go:185.34,187.3 1 1
github.com/DigiSocialBlock/nexus-protocol/pkg/dds/storage/manager.go:188.2,188.29 1 1
