mode: set
github.com/DigiSocialBlock/nexus-protocol/pkg/echonet/core/types/echonet_v3_core.pb.go:53.42,57.2 3 0
github.com/DigiSocialBlock/nexus-protocol/pkg/echonet/core/types/echonet_v3_core.pb.go:59.38,61.2 1 0
github.com/DigiSocialBlock/nexus-protocol/pkg/echonet/core/types/echonet_v3_core.pb.go:63.61,65.2 1 0
github.com/DigiSocialBlock/nexus-protocol/pkg/echonet/core/types/echonet_v3_core.pb.go:67.49,69.2 1 0
github.com/DigiSocialBlock/nexus-protocol/pkg/echonet/core/types/echonet_v3_core.pb.go:71.55,73.2 1 0
github.com/DigiSocialBlock/nexus-protocol/pkg/echonet/core/types/echonet_v3_core.pb.go:76.53,78.2 1 0
github.com/DigiSocialBlock/nexus-protocol/pkg/echonet/core/types/echonet_v3_core.pb.go:109.50,113.2 3 0
github.com/DigiSocialBlock/nexus-protocol/pkg/echonet/core/types/echonet_v3_core.pb.go:115.42,117.2 1 0
github.com/DigiSocialBlock/nexus-protocol/pkg/echonet/core/types/echonet_v3_core.pb.go:119.65,121.2 1 0
github.com/DigiSocialBlock/nexus-protocol/pkg/echonet/core/types/echonet_v3_core.pb.go:123.53,125.2 1 0
github.com/DigiSocialBlock/nexus-protocol/pkg/echonet/core/types/echonet_v3_core.pb.go:127.59,129.2 1 0
github.com/DigiSocialBlock/nexus-protocol/pkg/echonet/core/types/echonet_v3_core.pb.go:132.57,134.2 1 0
github.com/DigiSocialBlock/nexus-protocol/pkg/echonet/core/types/echonet_v3_core.pb.go:162.56,166.2 3 0
github.com/DigiSocialBlock/nexus-protocol/pkg/echonet/core/types/echonet_v3_core.pb.go:168.45,170.2 1 0
github.com/DigiSocialBlock/nexus-protocol/pkg/echonet/core/types/echonet_v3_core.pb.go:172.68,174.2 1 0
github.com/DigiSocialBlock/nexus-protocol/pkg/echonet/core/types/echonet_v3_core.pb.go:176.56,178.2 1 0
github.com/DigiSocialBlock/nexus-protocol/pkg/echonet/core/types/echonet_v3_core.pb.go:180.62,182.2 1 0
github.com/DigiSocialBlock/nexus-protocol/pkg/echonet/core/types/echonet_v3_core.pb.go:185.60,187.2 1 0
github.com/DigiSocialBlock/nexus-protocol/pkg/echonet/core/types/echonet_v3_core.pb.go:206.40,211.2 4 1
github.com/DigiSocialBlock/nexus-protocol/pkg/echonet/core/types/echonet_v3_core.pb.go:213.48,215.2 1 0
github.com/DigiSocialBlock/nexus-protocol/pkg/echonet/core/types/echonet_v3_core.pb.go:217.46,217.47 0 0
github.com/DigiSocialBlock/nexus-protocol/pkg/echonet/core/types/echonet_v3_core.pb.go:219.68,221.14 2 1
github.com/DigiSocialBlock/nexus-protocol/pkg/echonet/core/types/echonet_v3_core.pb.go:221.14,223.34 2 1
github.com/DigiSocialBlock/nexus-protocol/pkg/echonet/core/types/echonet_v3_core.pb.go:223.34,225.4 1 1
github.com/DigiSocialBlock/nexus-protocol/pkg/echonet/core/types/echonet_v3_core.pb.go:226.3,226.12 1 1
github.com/DigiSocialBlock/nexus-protocol/pkg/echonet/core/types/echonet_v3_core.pb.go:228.2,228.24 1 0
github.com/DigiSocialBlock/nexus-protocol/pkg/echonet/core/types/echonet_v3_core.pb.go:232.59,234.2 1 0
github.com/DigiSocialBlock/nexus-protocol/pkg/echonet/core/types/echonet_v3_core.pb.go:236.54,237.14 1 0
github.com/DigiSocialBlock/nexus-protocol/pkg/echonet/core/types/echonet_v3_core.pb.go:237.14,239.3 1 0
github.com/DigiSocialBlock/nexus-protocol/pkg/echonet/core/types/echonet_v3_core.pb.go:240.2,240.11 1 0
github.com/DigiSocialBlock/nexus-protocol/pkg/echonet/core/types/echonet_v3_core.pb.go:243.54,244.14 1 0
github.com/DigiSocialBlock/nexus-protocol/pkg/echonet/core/types/echonet_v3_core.pb.go:244.14,246.3 1 0
github.com/DigiSocialBlock/nexus-protocol/pkg/echonet/core/types/echonet_v3_core.pb.go:247.2,247.11 1 0
github.com/DigiSocialBlock/nexus-protocol/pkg/echonet/core/types/echonet_v3_core.pb.go:250.61,251.14 1 0
github.com/DigiSocialBlock/nexus-protocol/pkg/echonet/core/types/echonet_v3_core.pb.go:251.14,253.3 1 0
github.com/DigiSocialBlock/nexus-protocol/pkg/echonet/core/types/echonet_v3_core.pb.go:254.2,254.45 1 0
github.com/DigiSocialBlock/nexus-protocol/pkg/echonet/core/types/echonet_v3_core.pb.go:257.56,258.14 1 0
github.com/DigiSocialBlock/nexus-protocol/pkg/echonet/core/types/echonet_v3_core.pb.go:258.14,260.3 1 0
github.com/DigiSocialBlock/nexus-protocol/pkg/echonet/core/types/echonet_v3_core.pb.go:261.2,261.11 1 0
github.com/DigiSocialBlock/nexus-protocol/pkg/echonet/core/types/echonet_v3_core.pb.go:264.51,265.14 1 0
github.com/DigiSocialBlock/nexus-protocol/pkg/echonet/core/types/echonet_v3_core.pb.go:265.14,267.3 1 0
github.com/DigiSocialBlock/nexus-protocol/pkg/echonet/core/types/echonet_v3_core.pb.go:268.2,268.12 1 0
github.com/DigiSocialBlock/nexus-protocol/pkg/echonet/core/types/echonet_v3_core.pb.go:271.59,272.14 1 0
github.com/DigiSocialBlock/nexus-protocol/pkg/echonet/core/types/echonet_v3_core.pb.go:272.14,274.3 1 0
github.com/DigiSocialBlock/nexus-protocol/pkg/echonet/core/types/echonet_v3_core.pb.go:275.2,275.10 1 0
github.com/DigiSocialBlock/nexus-protocol/pkg/echonet/core/types/echonet_v3_core.pb.go:278.60,279.14 1 0
github.com/DigiSocialBlock/nexus-protocol/pkg/echonet/core/types/echonet_v3_core.pb.go:279.14,281.3 1 0
github.com/DigiSocialBlock/nexus-protocol/pkg/echonet/core/types/echonet_v3_core.pb.go:282.2,282.10 1 0
github.com/DigiSocialBlock/nexus-protocol/pkg/echonet/core/types/echonet_v3_core.pb.go:285.62,286.14 1 0
github.com/DigiSocialBlock/nexus-protocol/pkg/echonet/core/types/echonet_v3_core.pb.go:286.14,288.3 1 0
github.com/DigiSocialBlock/nexus-protocol/pkg/echonet/core/types/echonet_v3_core.pb.go:289.2,289.11 1 0
github.com/DigiSocialBlock/nexus-protocol/pkg/echonet/core/types/echonet_v3_core.pb.go:292.55,293.14 1 0
github.com/DigiSocialBlock/nexus-protocol/pkg/echonet/core/types/echonet_v3_core.pb.go:293.14,295.3 1 0
github.com/DigiSocialBlock/nexus-protocol/pkg/echonet/core/types/echonet_v3_core.pb.go:296.2,296.11 1 0
github.com/DigiSocialBlock/nexus-protocol/pkg/echonet/core/types/echonet_v3_core.pb.go:299.70,300.14 1 0
github.com/DigiSocialBlock/nexus-protocol/pkg/echonet/core/types/echonet_v3_core.pb.go:300.14,302.3 1 0
github.com/DigiSocialBlock/nexus-protocol/pkg/echonet/core/types/echonet_v3_core.pb.go:303.2,303.12 1 0
github.com/DigiSocialBlock/nexus-protocol/pkg/echonet/core/types/echonet_v3_core.pb.go:322.37,327.2 4 1
github.com/DigiSocialBlock/nexus-protocol/pkg/echonet/core/types/echonet_v3_core.pb.go:329.45,331.2 1 0
github.com/DigiSocialBlock/nexus-protocol/pkg/echonet/core/types/echonet_v3_core.pb.go:333.43,333.44 0 0
github.com/DigiSocialBlock/nexus-protocol/pkg/echonet/core/types/echonet_v3_core.pb.go:335.65,337.14 2 1
github.com/DigiSocialBlock/nexus-protocol/pkg/echonet/core/types/echonet_v3_core.pb.go:337.14,339.34 2 1
github.com/DigiSocialBlock/nexus-protocol/pkg/echonet/core/types/echonet_v3_core.pb.go:339.34,341.4 1 1
github.com/DigiSocialBlock/nexus-protocol/pkg/echonet/core/types/echonet_v3_core.pb.go:342.3,342.12 1 1
github.com/DigiSocialBlock/nexus-protocol/pkg/echonet/core/types/echonet_v3_core.pb.go:344.2,344.24 1 0
github.com/DigiSocialBlock/nexus-protocol/pkg/echonet/core/types/echonet_v3_core.pb.go:348.56,350.2 1 0
github.com/DigiSocialBlock/nexus-protocol/pkg/echonet/core/types/echonet_v3_core.pb.go:352.49,353.14 1 0
github.com/DigiSocialBlock/nexus-protocol/pkg/echonet/core/types/echonet_v3_core.pb.go:353.14,355.3 1 0
github.com/DigiSocialBlock/nexus-protocol/pkg/echonet/core/types/echonet_v3_core.pb.go:356.2,356.11 1 0
github.com/DigiSocialBlock/nexus-protocol/pkg/echonet/core/types/echonet_v3_core.pb.go:359.53,360.14 1 0
github.com/DigiSocialBlock/nexus-protocol/pkg/echonet/core/types/echonet_v3_core.pb.go:360.14,362.3 1 0
github.com/DigiSocialBlock/nexus-protocol/pkg/echonet/core/types/echonet_v3_core.pb.go:363.2,363.11 1 0
github.com/DigiSocialBlock/nexus-protocol/pkg/echonet/core/types/echonet_v3_core.pb.go:366.45,367.14 1 0
github.com/DigiSocialBlock/nexus-protocol/pkg/echonet/core/types/echonet_v3_core.pb.go:367.14,369.3 1 0
github.com/DigiSocialBlock/nexus-protocol/pkg/echonet/core/types/echonet_v3_core.pb.go:370.2,370.11 1 0
github.com/DigiSocialBlock/nexus-protocol/pkg/echonet/core/types/echonet_v3_core.pb.go:373.51,374.14 1 0
github.com/DigiSocialBlock/nexus-protocol/pkg/echonet/core/types/echonet_v3_core.pb.go:374.14,376.3 1 0
github.com/DigiSocialBlock/nexus-protocol/pkg/echonet/core/types/echonet_v3_core.pb.go:377.2,377.11 1 0
github.com/DigiSocialBlock/nexus-protocol/pkg/echonet/core/types/echonet_v3_core.pb.go:380.51,381.14 1 0
github.com/DigiSocialBlock/nexus-protocol/pkg/echonet/core/types/echonet_v3_core.pb.go:381.14,383.3 1 0
github.com/DigiSocialBlock/nexus-protocol/pkg/echonet/core/types/echonet_v3_core.pb.go:384.2,384.11 1 0
github.com/DigiSocialBlock/nexus-protocol/pkg/echonet/core/types/echonet_v3_core.pb.go:387.50,388.14 1 0
github.com/DigiSocialBlock/nexus-protocol/pkg/echonet/core/types/echonet_v3_core.pb.go:388.14,390.3 1 0
github.com/DigiSocialBlock/nexus-protocol/pkg/echonet/core/types/echonet_v3_core.pb.go:391.2,391.10 1 0
github.com/DigiSocialBlock/nexus-protocol/pkg/echonet/core/types/echonet_v3_core.pb.go:394.50,395.14 1 0
github.com/DigiSocialBlock/nexus-protocol/pkg/echonet/core/types/echonet_v3_core.pb.go:395.14,397.3 1 0
github.com/DigiSocialBlock/nexus-protocol/pkg/echonet/core/types/echonet_v3_core.pb.go:398.2,398.10 1 0
github.com/DigiSocialBlock/nexus-protocol/pkg/echonet/core/types/echonet_v3_core.pb.go:401.65,402.14 1 0
github.com/DigiSocialBlock/nexus-protocol/pkg/echonet/core/types/echonet_v3_core.pb.go:402.14,404.3 1 0
github.com/DigiSocialBlock/nexus-protocol/pkg/echonet/core/types/echonet_v3_core.pb.go:405.2,405.12 1 0
github.com/DigiSocialBlock/nexus-protocol/pkg/echonet/core/types/echonet_v3_core.pb.go:408.50,409.14 1 0
github.com/DigiSocialBlock/nexus-protocol/pkg/echonet/core/types/echonet_v3_core.pb.go:409.14,411.3 1 0
github.com/DigiSocialBlock/nexus-protocol/pkg/echonet/core/types/echonet_v3_core.pb.go:412.2,412.14 1 0
github.com/DigiSocialBlock/nexus-protocol/pkg/echonet/core/types/echonet_v3_core.pb.go:430.44,435.2 4 1
github.com/DigiSocialBlock/nexus-protocol/pkg/echonet/core/types/echonet_v3_core.pb.go:437.52,439.2 1 0
github.com/DigiSocialBlock/nexus-protocol/pkg/echonet/core/types/echonet_v3_core.pb.go:441.50,441.51 0 0
github.com/DigiSocialBlock/nexus-protocol/pkg/echonet/core/types/echonet_v3_core.pb.go:443.72,445.14 2 1
github.com/DigiSocialBlock/nexus-protocol/pkg/echonet/core/types/echonet_v3_core.pb.go:445.14,447.34 2 1
github.com/DigiSocialBlock/nexus-protocol/pkg/echonet/core/types/echonet_v3_core.pb.go:447.34,449.4 1 1
github.com/DigiSocialBlock/nexus-protocol/pkg/echonet/core/types/echonet_v3_core.pb.go:450.3,450.12 1 1
github.com/DigiSocialBlock/nexus-protocol/pkg/echonet/core/types/echonet_v3_core.pb.go:452.2,452.24 1 0
github.com/DigiSocialBlock/nexus-protocol/pkg/echonet/core/types/echonet_v3_core.pb.go:456.63,458.2 1 0
github.com/DigiSocialBlock/nexus-protocol/pkg/echonet/core/types/echonet_v3_core.pb.go:460.62,461.14 1 0
github.com/DigiSocialBlock/nexus-protocol/pkg/echonet/core/types/echonet_v3_core.pb.go:461.14,463.3 1 0
github.com/DigiSocialBlock/nexus-protocol/pkg/echonet/core/types/echonet_v3_core.pb.go:464.2,464.11 1 0
github.com/DigiSocialBlock/nexus-protocol/pkg/echonet/core/types/echonet_v3_core.pb.go:467.56,468.14 1 0
github.com/DigiSocialBlock/nexus-protocol/pkg/echonet/core/types/echonet_v3_core.pb.go:468.14,470.3 1 0
github.com/DigiSocialBlock/nexus-protocol/pkg/echonet/core/types/echonet_v3_core.pb.go:471.2,471.11 1 0
github.com/DigiSocialBlock/nexus-protocol/pkg/echonet/core/types/echonet_v3_core.pb.go:474.64,475.14 1 0
github.com/DigiSocialBlock/nexus-protocol/pkg/echonet/core/types/echonet_v3_core.pb.go:475.14,477.3 1 0
github.com/DigiSocialBlock/nexus-protocol/pkg/echonet/core/types/echonet_v3_core.pb.go:478.2,478.11 1 0
github.com/DigiSocialBlock/nexus-protocol/pkg/echonet/core/types/echonet_v3_core.pb.go:481.73,482.14 1 0
github.com/DigiSocialBlock/nexus-protocol/pkg/echonet/core/types/echonet_v3_core.pb.go:482.14,484.3 1 0
github.com/DigiSocialBlock/nexus-protocol/pkg/echonet/core/types/echonet_v3_core.pb.go:485.2,485.53 1 0
github.com/DigiSocialBlock/nexus-protocol/pkg/echonet/core/types/echonet_v3_core.pb.go:488.64,489.14 1 0
github.com/DigiSocialBlock/nexus-protocol/pkg/echonet/core/types/echonet_v3_core.pb.go:489.14,491.3 1 0
github.com/DigiSocialBlock/nexus-protocol/pkg/echonet/core/types/echonet_v3_core.pb.go:492.2,492.11 1 0
github.com/DigiSocialBlock/nexus-protocol/pkg/echonet/core/types/echonet_v3_core.pb.go:495.63,496.14 1 0
github.com/DigiSocialBlock/nexus-protocol/pkg/echonet/core/types/echonet_v3_core.pb.go:496.14,498.3 1 0
github.com/DigiSocialBlock/nexus-protocol/pkg/echonet/core/types/echonet_v3_core.pb.go:499.2,499.10 1 0
github.com/DigiSocialBlock/nexus-protocol/pkg/echonet/core/types/echonet_v3_core.pb.go:502.64,503.14 1 0
github.com/DigiSocialBlock/nexus-protocol/pkg/echonet/core/types/echonet_v3_core.pb.go:503.14,505.3 1 0
github.com/DigiSocialBlock/nexus-protocol/pkg/echonet/core/types/echonet_v3_core.pb.go:506.2,506.10 1 0
github.com/DigiSocialBlock/nexus-protocol/pkg/echonet/core/types/echonet_v3_core.pb.go:509.71,510.14 1 0
github.com/DigiSocialBlock/nexus-protocol/pkg/echonet/core/types/echonet_v3_core.pb.go:510.14,512.3 1 0
github.com/DigiSocialBlock/nexus-protocol/pkg/echonet/core/types/echonet_v3_core.pb.go:513.2,513.11 1 0
github.com/DigiSocialBlock/nexus-protocol/pkg/echonet/core/types/echonet_v3_core.pb.go:532.34,537.2 4 1
github.com/DigiSocialBlock/nexus-protocol/pkg/echonet/core/types/echonet_v3_core.pb.go:539.42,541.2 1 0
github.com/DigiSocialBlock/nexus-protocol/pkg/echonet/core/types/echonet_v3_core.pb.go:543.40,543.41 0 0
github.com/DigiSocialBlock/nexus-protocol/pkg/echonet/core/types/echonet_v3_core.pb.go:545.62,547.14 2 1
github.com/DigiSocialBlock/nexus-protocol/pkg/echonet/core/types/echonet_v3_core.pb.go:547.14,549.34 2 1
github.com/DigiSocialBlock/nexus-protocol/pkg/echonet/core/types/echonet_v3_core.pb.go:549.34,551.4 1 1
github.com/DigiSocialBlock/nexus-protocol/pkg/echonet/core/types/echonet_v3_core.pb.go:552.3,552.12 1 1
github.com/DigiSocialBlock/nexus-protocol/pkg/echonet/core/types/echonet_v3_core.pb.go:554.2,554.24 1 0
github.com/DigiSocialBlock/nexus-protocol/pkg/echonet/core/types/echonet_v3_core.pb.go:558.53,560.2 1 0
github.com/DigiSocialBlock/nexus-protocol/pkg/echonet/core/types/echonet_v3_core.pb.go:562.46,563.14 1 0
github.com/DigiSocialBlock/nexus-protocol/pkg/echonet/core/types/echonet_v3_core.pb.go:563.14,565.3 1 0
github.com/DigiSocialBlock/nexus-protocol/pkg/echonet/core/types/echonet_v3_core.pb.go:566.2,566.11 1 0
github.com/DigiSocialBlock/nexus-protocol/pkg/echonet/core/types/echonet_v3_core.pb.go:569.49,570.14 1 0
github.com/DigiSocialBlock/nexus-protocol/pkg/echonet/core/types/echonet_v3_core.pb.go:570.14,572.3 1 0
github.com/DigiSocialBlock/nexus-protocol/pkg/echonet/core/types/echonet_v3_core.pb.go:573.2,573.11 1 0
github.com/DigiSocialBlock/nexus-protocol/pkg/echonet/core/types/echonet_v3_core.pb.go:576.56,577.14 1 0
github.com/DigiSocialBlock/nexus-protocol/pkg/echonet/core/types/echonet_v3_core.pb.go:577.14,579.3 1 0
github.com/DigiSocialBlock/nexus-protocol/pkg/echonet/core/types/echonet_v3_core.pb.go:580.2,580.11 1 0
github.com/DigiSocialBlock/nexus-protocol/pkg/echonet/core/types/echonet_v3_core.pb.go:583.58,584.14 1 0
github.com/DigiSocialBlock/nexus-protocol/pkg/echonet/core/types/echonet_v3_core.pb.go:584.14,586.3 1 0
github.com/DigiSocialBlock/nexus-protocol/pkg/echonet/core/types/echonet_v3_core.pb.go:587.2,587.11 1 0
github.com/DigiSocialBlock/nexus-protocol/pkg/echonet/core/types/echonet_v3_core.pb.go:590.55,591.14 1 0
github.com/DigiSocialBlock/nexus-protocol/pkg/echonet/core/types/echonet_v3_core.pb.go:591.14,593.3 1 0
github.com/DigiSocialBlock/nexus-protocol/pkg/echonet/core/types/echonet_v3_core.pb.go:594.2,594.10 1 0
github.com/DigiSocialBlock/nexus-protocol/pkg/echonet/core/types/echonet_v3_core.pb.go:597.48,598.14 1 0
github.com/DigiSocialBlock/nexus-protocol/pkg/echonet/core/types/echonet_v3_core.pb.go:598.14,600.3 1 0
github.com/DigiSocialBlock/nexus-protocol/pkg/echonet/core/types/echonet_v3_core.pb.go:601.2,601.11 1 0
github.com/DigiSocialBlock/nexus-protocol/pkg/echonet/core/types/echonet_v3_core.pb.go:604.57,605.14 1 0
github.com/DigiSocialBlock/nexus-protocol/pkg/echonet/core/types/echonet_v3_core.pb.go:605.14,607.3 1 0
github.com/DigiSocialBlock/nexus-protocol/pkg/echonet/core/types/echonet_v3_core.pb.go:608.2,608.60 1 0
github.com/DigiSocialBlock/nexus-protocol/pkg/echonet/core/types/echonet_v3_core.pb.go:611.48,612.14 1 0
github.com/DigiSocialBlock/nexus-protocol/pkg/echonet/core/types/echonet_v3_core.pb.go:612.14,614.3 1 0
github.com/DigiSocialBlock/nexus-protocol/pkg/echonet/core/types/echonet_v3_core.pb.go:615.2,615.10 1 0
github.com/DigiSocialBlock/nexus-protocol/pkg/echonet/core/types/echonet_v3_core.pb.go:618.50,619.14 1 0
github.com/DigiSocialBlock/nexus-protocol/pkg/echonet/core/types/echonet_v3_core.pb.go:619.14,621.3 1 0
github.com/DigiSocialBlock/nexus-protocol/pkg/echonet/core/types/echonet_v3_core.pb.go:622.2,622.11 1 0
github.com/DigiSocialBlock/nexus-protocol/pkg/echonet/core/types/echonet_v3_core.pb.go:710.54,711.51 1 0
github.com/DigiSocialBlock/nexus-protocol/pkg/echonet/core/types/echonet_v3_core.pb.go:711.51,713.3 1 0
github.com/DigiSocialBlock/nexus-protocol/pkg/echonet/core/types/echonet_v3_core.pb.go:714.2,714.47 1 0
github.com/DigiSocialBlock/nexus-protocol/pkg/echonet/core/types/echonet_v3_core.pb.go:743.13,743.50 1 1
github.com/DigiSocialBlock/nexus-protocol/pkg/echonet/core/types/echonet_v3_core.pb.go:744.40,745.39 1 1
github.com/DigiSocialBlock/nexus-protocol/pkg/echonet/core/types/echonet_v3_core.pb.go:745.39,747.3 1 0
github.com/DigiSocialBlock/nexus-protocol/pkg/echonet/core/types/echonet_v3_core.pb.go:748.2,765.42 5 1
github.com/DigiSocialBlock/nexus-protocol/pkg/echonet/core/types/serialization.go:9.46,19.16 3 1
github.com/DigiSocialBlock/nexus-protocol/pkg/echonet/core/types/serialization.go:19.16,21.3 1 0
github.com/DigiSocialBlock/nexus-protocol/pkg/echonet/core/types/serialization.go:22.2,22.23 1 1
github.com/DigiSocialBlock/nexus-protocol/pkg/echonet/core/types/serialization.go:26.57,32.2 2 1
github.com/DigiSocialBlock/nexus-protocol/pkg/echonet/core/types/serialization.go:37.57,39.2 1 1
github.com/DigiSocialBlock/nexus-protocol/pkg/echonet/core/types/serialization.go:42.66,44.2 1 1
github.com/DigiSocialBlock/nexus-protocol/pkg/echonet/core/types/serialization.go:49.54,51.2 1 1
github.com/DigiSocialBlock/nexus-protocol/pkg/echonet/core/types/serialization.go:54.63,56.2 1 1
github.com/DigiSocialBlock/nexus-protocol/pkg/echonet/core/types/serialization.go:61.61,63.2 1 1
github.com/DigiSocialBlock/nexus-protocol/pkg/echonet/core/types/serialization.go:66.70,68.2 1 1
github.com/DigiSocialBlock/nexus-protocol/pkg/echonet/core/types/serialization.go:73.51,75.2 1 1
github.com/DigiSocialBlock/nexus-protocol/pkg/echonet/core/types/serialization.go:78.60,80.2 1 1
github.com/DigiSocialBlock/nexus-protocol/pkg/echonet/core/types/serialization.go:87.63,89.16 2 1
github.com/DigiSocialBlock/nexus-protocol/pkg/echonet/core/types/serialization.go:89.16,91.3 1 0
github.com/DigiSocialBlock/nexus-protocol/pkg/echonet/core/types/serialization.go:92.2,92.23 1 1
github.com/DigiSocialBlock/nexus-protocol/pkg/echonet/core/types/serialization.go:97.68,99.2 1 1
github.com/DigiSocialBlock/nexus-protocol/pkg/echonet/core/types/validation.go:42.49,43.14 1 1
github.com/DigiSocialBlock/nexus-protocol/pkg/echonet/core/types/validation.go:43.14,45.3 1 1
github.com/DigiSocialBlock/nexus-protocol/pkg/echonet/core/types/validation.go:47.2,47.42 1 1
github.com/DigiSocialBlock/nexus-protocol/pkg/echonet/core/types/validation.go:47.42,49.3 1 1
github.com/DigiSocialBlock/nexus-protocol/pkg/echonet/core/types/validation.go:50.2,50.39 1 1
github.com/DigiSocialBlock/nexus-protocol/pkg/echonet/core/types/validation.go:50.39,52.3 1 1
github.com/DigiSocialBlock/nexus-protocol/pkg/echonet/core/types/validation.go:54.2,54.42 1 1
github.com/DigiSocialBlock/nexus-protocol/pkg/echonet/core/types/validation.go:54.42,56.3 1 1
github.com/DigiSocialBlock/nexus-protocol/pkg/echonet/core/types/validation.go:57.2,57.40 1 1
github.com/DigiSocialBlock/nexus-protocol/pkg/echonet/core/types/validation.go:57.40,59.3 1 1
github.com/DigiSocialBlock/nexus-protocol/pkg/echonet/core/types/validation.go:61.2,61.59 1 1
github.com/DigiSocialBlock/nexus-protocol/pkg/echonet/core/types/validation.go:61.59,63.3 1 1
github.com/DigiSocialBlock/nexus-protocol/pkg/echonet/core/types/validation.go:67.2,67.66 1 1
github.com/DigiSocialBlock/nexus-protocol/pkg/echonet/core/types/validation.go:67.66,69.3 1 1
github.com/DigiSocialBlock/nexus-protocol/pkg/echonet/core/types/validation.go:71.2,71.32 1 1
github.com/DigiSocialBlock/nexus-protocol/pkg/echonet/core/types/validation.go:71.32,73.3 1 1
github.com/DigiSocialBlock/nexus-protocol/pkg/echonet/core/types/validation.go:74.2,74.29 1 1
github.com/DigiSocialBlock/nexus-protocol/pkg/echonet/core/types/validation.go:74.29,75.35 1 1
github.com/DigiSocialBlock/nexus-protocol/pkg/echonet/core/types/validation.go:75.35,78.4 1 1
github.com/DigiSocialBlock/nexus-protocol/pkg/echonet/core/types/validation.go:79.3,79.49 1 1
github.com/DigiSocialBlock/nexus-protocol/pkg/echonet/core/types/validation.go:79.49,81.4 1 1
github.com/DigiSocialBlock/nexus-protocol/pkg/echonet/core/types/validation.go:84.2,84.28 1 1
github.com/DigiSocialBlock/nexus-protocol/pkg/echonet/core/types/validation.go:84.28,86.3 1 1
github.com/DigiSocialBlock/nexus-protocol/pkg/echonet/core/types/validation.go:94.2,94.28 1 1
github.com/DigiSocialBlock/nexus-protocol/pkg/echonet/core/types/validation.go:94.28,96.3 1 1
github.com/DigiSocialBlock/nexus-protocol/pkg/echonet/core/types/validation.go:97.2,97.70 1 1
github.com/DigiSocialBlock/nexus-protocol/pkg/echonet/core/types/validation.go:97.71,101.3 0 0
github.com/DigiSocialBlock/nexus-protocol/pkg/echonet/core/types/validation.go:104.2,104.76 1 1
github.com/DigiSocialBlock/nexus-protocol/pkg/echonet/core/types/validation.go:104.76,106.3 1 1
github.com/DigiSocialBlock/nexus-protocol/pkg/echonet/core/types/validation.go:108.2,108.24 1 1
github.com/DigiSocialBlock/nexus-protocol/pkg/echonet/core/types/validation.go:108.24,109.65 1 1
github.com/DigiSocialBlock/nexus-protocol/pkg/echonet/core/types/validation.go:109.65,111.4 1 1
github.com/DigiSocialBlock/nexus-protocol/pkg/echonet/core/types/validation.go:112.3,112.42 1 1
github.com/DigiSocialBlock/nexus-protocol/pkg/echonet/core/types/validation.go:112.42,114.4 1 1
github.com/DigiSocialBlock/nexus-protocol/pkg/echonet/core/types/validation.go:117.2,117.29 1 1
github.com/DigiSocialBlock/nexus-protocol/pkg/echonet/core/types/validation.go:117.29,118.38 1 1
github.com/DigiSocialBlock/nexus-protocol/pkg/echonet/core/types/validation.go:118.38,119.59 1 1
github.com/DigiSocialBlock/nexus-protocol/pkg/echonet/core/types/validation.go:119.59,121.5 1 1
github.com/DigiSocialBlock/nexus-protocol/pkg/echonet/core/types/validation.go:122.4,122.61 1 1
github.com/DigiSocialBlock/nexus-protocol/pkg/echonet/core/types/validation.go:122.61,124.5 1 1
github.com/DigiSocialBlock/nexus-protocol/pkg/echonet/core/types/validation.go:128.2,128.12 1 1
github.com/DigiSocialBlock/nexus-protocol/pkg/echonet/core/types/validation.go:134.46,135.14 1 1
github.com/DigiSocialBlock/nexus-protocol/pkg/echonet/core/types/validation.go:135.14,137.3 1 1
github.com/DigiSocialBlock/nexus-protocol/pkg/echonet/core/types/validation.go:139.2,139.40 1 1
github.com/DigiSocialBlock/nexus-protocol/pkg/echonet/core/types/validation.go:139.40,141.3 1 1
github.com/DigiSocialBlock/nexus-protocol/pkg/echonet/core/types/validation.go:142.2,142.38 1 1
github.com/DigiSocialBlock/nexus-protocol/pkg/echonet/core/types/validation.go:142.38,144.3 1 1
github.com/DigiSocialBlock/nexus-protocol/pkg/echonet/core/types/validation.go:146.2,146.44 1 1
github.com/DigiSocialBlock/nexus-protocol/pkg/echonet/core/types/validation.go:146.44,148.3 1 1
github.com/DigiSocialBlock/nexus-protocol/pkg/echonet/core/types/validation.go:149.2,149.66 1 1
github.com/DigiSocialBlock/nexus-protocol/pkg/echonet/core/types/validation.go:149.66,151.3 1 1
github.com/DigiSocialBlock/nexus-protocol/pkg/echonet/core/types/validation.go:154.2,154.50 1 1
github.com/DigiSocialBlock/nexus-protocol/pkg/echonet/core/types/validation.go:154.50,156.3 1 1
github.com/DigiSocialBlock/nexus-protocol/pkg/echonet/core/types/validation.go:158.2,158.23 1 1
github.com/DigiSocialBlock/nexus-protocol/pkg/echonet/core/types/validation.go:158.23,159.63 1 1
github.com/DigiSocialBlock/nexus-protocol/pkg/echonet/core/types/validation.go:159.63,161.4 1 1
github.com/DigiSocialBlock/nexus-protocol/pkg/echonet/core/types/validation.go:162.3,162.41 1 1
github.com/DigiSocialBlock/nexus-protocol/pkg/echonet/core/types/validation.go:162.41,164.4 1 1
github.com/DigiSocialBlock/nexus-protocol/pkg/echonet/core/types/validation.go:167.2,167.23 1 1
github.com/DigiSocialBlock/nexus-protocol/pkg/echonet/core/types/validation.go:167.23,168.63 1 1
github.com/DigiSocialBlock/nexus-protocol/pkg/echonet/core/types/validation.go:168.63,170.4 1 1
github.com/DigiSocialBlock/nexus-protocol/pkg/echonet/core/types/validation.go:171.3,171.41 1 1
github.com/DigiSocialBlock/nexus-protocol/pkg/echonet/core/types/validation.go:171.41,173.4 1 1
github.com/DigiSocialBlock/nexus-protocol/pkg/echonet/core/types/validation.go:179.2,179.22 1 1
github.com/DigiSocialBlock/nexus-protocol/pkg/echonet/core/types/validation.go:179.22,181.3 1 1
github.com/DigiSocialBlock/nexus-protocol/pkg/echonet/core/types/validation.go:182.3,182.22 1 1
github.com/DigiSocialBlock/nexus-protocol/pkg/echonet/core/types/validation.go:182.22,184.4 1 0
github.com/DigiSocialBlock/nexus-protocol/pkg/echonet/core/types/validation.go:186.2,186.21 1 1
github.com/DigiSocialBlock/nexus-protocol/pkg/echonet/core/types/validation.go:186.21,188.3 1 1
github.com/DigiSocialBlock/nexus-protocol/pkg/echonet/core/types/validation.go:189.2,189.50 1 1
github.com/DigiSocialBlock/nexus-protocol/pkg/echonet/core/types/validation.go:189.50,191.3 1 1
github.com/DigiSocialBlock/nexus-protocol/pkg/echonet/core/types/validation.go:194.2,194.48 1 1
github.com/DigiSocialBlock/nexus-protocol/pkg/echonet/core/types/validation.go:194.48,196.3 1 1
github.com/DigiSocialBlock/nexus-protocol/pkg/echonet/core/types/validation.go:197.2,197.35 1 1
github.com/DigiSocialBlock/nexus-protocol/pkg/echonet/core/types/validation.go:197.35,198.33 1 1
github.com/DigiSocialBlock/nexus-protocol/pkg/echonet/core/types/validation.go:198.33,200.4 1 1
github.com/DigiSocialBlock/nexus-protocol/pkg/echonet/core/types/validation.go:201.3,201.58 1 1
github.com/DigiSocialBlock/nexus-protocol/pkg/echonet/core/types/validation.go:201.58,203.4 1 1
github.com/DigiSocialBlock/nexus-protocol/pkg/echonet/core/types/validation.go:204.3,204.33 1 1
github.com/DigiSocialBlock/nexus-protocol/pkg/echonet/core/types/validation.go:204.33,206.4 1 1
github.com/DigiSocialBlock/nexus-protocol/pkg/echonet/core/types/validation.go:207.3,207.60 1 1
github.com/DigiSocialBlock/nexus-protocol/pkg/echonet/core/types/validation.go:207.60,209.4 1 1
github.com/DigiSocialBlock/nexus-protocol/pkg/echonet/core/types/validation.go:210.3,210.31 1 1
github.com/DigiSocialBlock/nexus-protocol/pkg/echonet/core/types/validation.go:210.31,212.4 1 1
github.com/DigiSocialBlock/nexus-protocol/pkg/echonet/core/types/validation.go:216.2,216.12 1 1
github.com/DigiSocialBlock/nexus-protocol/pkg/echonet/core/types/validation.go:222.53,223.14 1 1
github.com/DigiSocialBlock/nexus-protocol/pkg/echonet/core/types/validation.go:223.14,225.3 1 1
github.com/DigiSocialBlock/nexus-protocol/pkg/echonet/core/types/validation.go:227.2,227.46 1 1
github.com/DigiSocialBlock/nexus-protocol/pkg/echonet/core/types/validation.go:227.46,229.3 1 1
github.com/DigiSocialBlock/nexus-protocol/pkg/echonet/core/types/validation.go:230.2,230.43 1 1
github.com/DigiSocialBlock/nexus-protocol/pkg/echonet/core/types/validation.go:230.43,232.3 1 1
github.com/DigiSocialBlock/nexus-protocol/pkg/echonet/core/types/validation.go:234.2,234.40 1 1
github.com/DigiSocialBlock/nexus-protocol/pkg/echonet/core/types/validation.go:234.40,236.3 1 1
github.com/DigiSocialBlock/nexus-protocol/pkg/echonet/core/types/validation.go:237.2,237.38 1 1
github.com/DigiSocialBlock/nexus-protocol/pkg/echonet/core/types/validation.go:237.38,239.3 1 1
github.com/DigiSocialBlock/nexus-protocol/pkg/echonet/core/types/validation.go:241.2,241.48 1 1
github.com/DigiSocialBlock/nexus-protocol/pkg/echonet/core/types/validation.go:241.48,243.3 1 1
github.com/DigiSocialBlock/nexus-protocol/pkg/echonet/core/types/validation.go:244.2,244.45 1 1
github.com/DigiSocialBlock/nexus-protocol/pkg/echonet/core/types/validation.go:244.45,246.3 1 1
github.com/DigiSocialBlock/nexus-protocol/pkg/echonet/core/types/validation.go:248.2,248.71 1 1
github.com/DigiSocialBlock/nexus-protocol/pkg/echonet/core/types/validation.go:248.71,250.3 1 1
github.com/DigiSocialBlock/nexus-protocol/pkg/echonet/core/types/validation.go:252.2,252.74 1 1
github.com/DigiSocialBlock/nexus-protocol/pkg/echonet/core/types/validation.go:252.74,254.3 1 1
github.com/DigiSocialBlock/nexus-protocol/pkg/echonet/core/types/validation.go:258.2,258.28 1 1
github.com/DigiSocialBlock/nexus-protocol/pkg/echonet/core/types/validation.go:258.28,260.3 1 1
github.com/DigiSocialBlock/nexus-protocol/pkg/echonet/core/types/validation.go:262.2,262.28 1 1
github.com/DigiSocialBlock/nexus-protocol/pkg/echonet/core/types/validation.go:262.28,264.3 1 1
github.com/DigiSocialBlock/nexus-protocol/pkg/echonet/core/types/validation.go:267.2,267.86 1 1
github.com/DigiSocialBlock/nexus-protocol/pkg/echonet/core/types/validation.go:267.86,269.3 1 1
github.com/DigiSocialBlock/nexus-protocol/pkg/echonet/core/types/validation.go:271.2,271.12 1 1
github.com/DigiSocialBlock/nexus-protocol/pkg/echonet/core/types/validation.go:277.43,278.14 1 1
github.com/DigiSocialBlock/nexus-protocol/pkg/echonet/core/types/validation.go:278.14,280.3 1 1
github.com/DigiSocialBlock/nexus-protocol/pkg/echonet/core/types/validation.go:282.2,282.40 1 1
github.com/DigiSocialBlock/nexus-protocol/pkg/echonet/core/types/validation.go:282.40,284.3 1 1
github.com/DigiSocialBlock/nexus-protocol/pkg/echonet/core/types/validation.go:285.2,285.37 1 1
github.com/DigiSocialBlock/nexus-protocol/pkg/echonet/core/types/validation.go:285.37,287.3 1 1
github.com/DigiSocialBlock/nexus-protocol/pkg/echonet/core/types/validation.go:289.2,289.43 1 1
github.com/DigiSocialBlock/nexus-protocol/pkg/echonet/core/types/validation.go:289.43,291.3 1 1
github.com/DigiSocialBlock/nexus-protocol/pkg/echonet/core/types/validation.go:292.2,292.41 1 1
github.com/DigiSocialBlock/nexus-protocol/pkg/echonet/core/types/validation.go:292.41,294.3 1 1
github.com/DigiSocialBlock/nexus-protocol/pkg/echonet/core/types/validation.go:296.2,296.50 1 1
github.com/DigiSocialBlock/nexus-protocol/pkg/echonet/core/types/validation.go:296.50,298.3 1 1
github.com/DigiSocialBlock/nexus-protocol/pkg/echonet/core/types/validation.go:299.2,299.47 1 1
github.com/DigiSocialBlock/nexus-protocol/pkg/echonet/core/types/validation.go:299.47,301.3 1 1
github.com/DigiSocialBlock/nexus-protocol/pkg/echonet/core/types/validation.go:303.2,303.52 1 1
github.com/DigiSocialBlock/nexus-protocol/pkg/echonet/core/types/validation.go:303.52,305.3 1 1
github.com/DigiSocialBlock/nexus-protocol/pkg/echonet/core/types/validation.go:311.2,311.30 1 1
github.com/DigiSocialBlock/nexus-protocol/pkg/echonet/core/types/validation.go:311.30,313.3 1 1
github.com/DigiSocialBlock/nexus-protocol/pkg/echonet/core/types/validation.go:314.2,314.78 1 1
github.com/DigiSocialBlock/nexus-protocol/pkg/echonet/core/types/validation.go:314.78,316.3 1 1
github.com/DigiSocialBlock/nexus-protocol/pkg/echonet/core/types/validation.go:318.2,318.42 1 1
github.com/DigiSocialBlock/nexus-protocol/pkg/echonet/core/types/validation.go:318.42,320.3 1 1
github.com/DigiSocialBlock/nexus-protocol/pkg/echonet/core/types/validation.go:324.2,324.69 1 1
github.com/DigiSocialBlock/nexus-protocol/pkg/echonet/core/types/validation.go:324.69,326.3 1 1
github.com/DigiSocialBlock/nexus-protocol/pkg/echonet/core/types/validation.go:328.2,328.65 1 1
github.com/DigiSocialBlock/nexus-protocol/pkg/echonet/core/types/validation.go:328.65,330.3 1 1
github.com/DigiSocialBlock/nexus-protocol/pkg/echonet/core/types/validation.go:332.2,332.22 1 1
github.com/DigiSocialBlock/nexus-protocol/pkg/echonet/core/types/validation.go:332.22,334.3 1 1
github.com/DigiSocialBlock/nexus-protocol/pkg/echonet/core/types/validation.go:335.2,335.130 1 1
github.com/DigiSocialBlock/nexus-protocol/pkg/echonet/core/types/validation.go:335.130,336.24 1 1
github.com/DigiSocialBlock/nexus-protocol/pkg/echonet/core/types/validation.go:336.24,339.4 1 1
github.com/DigiSocialBlock/nexus-protocol/pkg/echonet/core/types/validation.go:340.3,340.41 1 1
github.com/DigiSocialBlock/nexus-protocol/pkg/echonet/core/types/validation.go:340.41,342.4 1 1
github.com/DigiSocialBlock/nexus-protocol/pkg/echonet/core/types/validation.go:343.3,343.45 1 0
github.com/DigiSocialBlock/nexus-protocol/pkg/echonet/core/types/validation.go:343.45,346.4 1 0
github.com/DigiSocialBlock/nexus-protocol/pkg/echonet/core/types/validation.go:348.2,348.155 1 1
github.com/DigiSocialBlock/nexus-protocol/pkg/echonet/core/types/validation.go:348.155,351.3 1 1
github.com/DigiSocialBlock/nexus-protocol/pkg/echonet/core/types/validation.go:354.2,354.12 1 1
