mode: set
github.com/DigiSocialBlock/nexus-protocol/pkg/dds/retriever/retriever.go:35.105,36.23 1 1
github.com/DigiSocialBlock/nexus-protocol/pkg/dds/retriever/retriever.go:36.23,38.3 1 1
github.com/DigiSocialBlock/nexus-protocol/pkg/dds/retriever/retriever.go:39.2,39.23 1 1
github.com/DigiSocialBlock/nexus-protocol/pkg/dds/retriever/retriever.go:39.23,41.3 1 1
github.com/DigiSocialBlock/nexus-protocol/pkg/dds/retriever/retriever.go:42.2,45.8 1 1
github.com/DigiSocialBlock/nexus-protocol/pkg/dds/retriever/retriever.go:49.125,56.16 3 1
github.com/DigiSocialBlock/nexus-protocol/pkg/dds/retriever/retriever.go:56.16,60.3 2 1
github.com/DigiSocialBlock/nexus-protocol/pkg/dds/retriever/retriever.go:62.2,63.71 2 1
github.com/DigiSocialBlock/nexus-protocol/pkg/dds/retriever/retriever.go:63.71,66.3 2 0
github.com/DigiSocialBlock/nexus-protocol/pkg/dds/retriever/retriever.go:67.2,69.41 2 1
github.com/DigiSocialBlock/nexus-protocol/pkg/dds/retriever/retriever.go:69.41,71.52 1 1
github.com/DigiSocialBlock/nexus-protocol/pkg/dds/retriever/retriever.go:71.52,75.64 4 1
github.com/DigiSocialBlock/nexus-protocol/pkg/dds/retriever/retriever.go:75.64,78.5 2 1
github.com/DigiSocialBlock/nexus-protocol/pkg/dds/retriever/retriever.go:79.4,80.41 2 1
github.com/DigiSocialBlock/nexus-protocol/pkg/dds/retriever/retriever.go:83.3,84.117 2 0
github.com/DigiSocialBlock/nexus-protocol/pkg/dds/retriever/retriever.go:89.2,91.53 3 1
github.com/DigiSocialBlock/nexus-protocol/pkg/dds/retriever/retriever.go:91.53,95.17 3 1
github.com/DigiSocialBlock/nexus-protocol/pkg/dds/retriever/retriever.go:95.17,98.4 2 1
github.com/DigiSocialBlock/nexus-protocol/pkg/dds/retriever/retriever.go:102.3,103.17 2 1
github.com/DigiSocialBlock/nexus-protocol/pkg/dds/retriever/retriever.go:103.17,106.4 2 0
github.com/DigiSocialBlock/nexus-protocol/pkg/dds/retriever/retriever.go:107.3,107.33 1 1
github.com/DigiSocialBlock/nexus-protocol/pkg/dds/retriever/retriever.go:107.33,110.4 2 1
github.com/DigiSocialBlock/nexus-protocol/pkg/dds/retriever/retriever.go:111.3,114.20 3 1
github.com/DigiSocialBlock/nexus-protocol/pkg/dds/retriever/retriever.go:117.2,117.55 1 1
github.com/DigiSocialBlock/nexus-protocol/pkg/dds/retriever/retriever.go:117.55,120.3 2 0
github.com/DigiSocialBlock/nexus-protocol/pkg/dds/retriever/retriever.go:121.2,127.16 4 1
github.com/DigiSocialBlock/nexus-protocol/pkg/dds/retriever/retriever.go:127.16,130.3 2 0
github.com/DigiSocialBlock/nexus-protocol/pkg/dds/retriever/retriever.go:132.2,132.70 1 1
github.com/DigiSocialBlock/nexus-protocol/pkg/dds/retriever/retriever.go:132.70,135.3 2 1
github.com/DigiSocialBlock/nexus-protocol/pkg/dds/retriever/retriever.go:136.2,142.40 2 1
github.com/DigiSocialBlock/nexus-protocol/pkg/dds/retriever/retriever.go:147.97,150.16 3 1
github.com/DigiSocialBlock/nexus-protocol/pkg/dds/retriever/retriever.go:150.16,153.3 2 1
github.com/DigiSocialBlock/nexus-protocol/pkg/dds/retriever/retriever.go:154.2,154.45 1 1
github.com/DigiSocialBlock/nexus-protocol/pkg/dds/retriever/retriever.go:154.45,158.3 2 0
github.com/DigiSocialBlock/nexus-protocol/pkg/dds/retriever/retriever.go:161.2,163.16 3 1
github.com/DigiSocialBlock/nexus-protocol/pkg/dds/retriever/retriever.go:163.16,166.3 2 0
github.com/DigiSocialBlock/nexus-protocol/pkg/dds/retriever/retriever.go:167.2,167.25 1 1
github.com/DigiSocialBlock/nexus-protocol/pkg/dds/retriever/retriever.go:167.25,170.3 2 1
github.com/DigiSocialBlock/nexus-protocol/pkg/dds/retriever/retriever.go:171.2,175.35 2 1
github.com/DigiSocialBlock/nexus-protocol/pkg/dds/retriever/retriever.go:175.35,178.25 3 1
github.com/DigiSocialBlock/nexus-protocol/pkg/dds/retriever/retriever.go:178.25,181.73 2 1
github.com/DigiSocialBlock/nexus-protocol/pkg/dds/retriever/retriever.go:181.73,183.5 1 0
github.com/DigiSocialBlock/nexus-protocol/pkg/dds/retriever/retriever.go:183.10,185.5 1 1
github.com/DigiSocialBlock/nexus-protocol/pkg/dds/retriever/retriever.go:186.4,186.27 1 1
github.com/DigiSocialBlock/nexus-protocol/pkg/dds/retriever/retriever.go:188.3,188.159 1 1
github.com/DigiSocialBlock/nexus-protocol/pkg/dds/retriever/retriever.go:191.2,192.119 2 1
