mode: set
github.com/DigiSocialBlock/nexus-protocol/pkg/dds/originator/publisher.go:25.120,26.23 1 1
github.com/DigiSocialBlock/nexus-protocol/pkg/dds/originator/publisher.go:26.23,28.3 1 1
github.com/DigiSocialBlock/nexus-protocol/pkg/dds/originator/publisher.go:29.2,29.23 1 1
github.com/DigiSocialBlock/nexus-protocol/pkg/dds/originator/publisher.go:29.23,31.3 1 1
github.com/DigiSocialBlock/nexus-protocol/pkg/dds/originator/publisher.go:32.2,32.20 1 1
github.com/DigiSocialBlock/nexus-protocol/pkg/dds/originator/publisher.go:32.20,34.3 1 1
github.com/DigiSocialBlock/nexus-protocol/pkg/dds/originator/publisher.go:35.2,39.8 1 1
github.com/DigiSocialBlock/nexus-protocol/pkg/dds/originator/publisher.go:52.165,57.16 3 1
github.com/DigiSocialBlock/nexus-protocol/pkg/dds/originator/publisher.go:57.16,60.3 2 0
github.com/DigiSocialBlock/nexus-protocol/pkg/dds/originator/publisher.go:61.2,65.16 3 1
github.com/DigiSocialBlock/nexus-protocol/pkg/dds/originator/publisher.go:65.16,68.3 2 0
github.com/DigiSocialBlock/nexus-protocol/pkg/dds/originator/publisher.go:69.2,73.35 3 1
github.com/DigiSocialBlock/nexus-protocol/pkg/dds/originator/publisher.go:73.35,75.17 2 1
github.com/DigiSocialBlock/nexus-protocol/pkg/dds/originator/publisher.go:75.17,78.4 2 0
github.com/DigiSocialBlock/nexus-protocol/pkg/dds/originator/publisher.go:79.3,82.65 3 1
github.com/DigiSocialBlock/nexus-protocol/pkg/dds/originator/publisher.go:82.65,85.4 2 1
github.com/DigiSocialBlock/nexus-protocol/pkg/dds/originator/publisher.go:86.3,86.77 1 1
github.com/DigiSocialBlock/nexus-protocol/pkg/dds/originator/publisher.go:90.2,100.16 3 1
github.com/DigiSocialBlock/nexus-protocol/pkg/dds/originator/publisher.go:100.16,103.3 2 0
github.com/DigiSocialBlock/nexus-protocol/pkg/dds/originator/publisher.go:104.2,108.16 3 1
github.com/DigiSocialBlock/nexus-protocol/pkg/dds/originator/publisher.go:108.16,111.3 2 0
github.com/DigiSocialBlock/nexus-protocol/pkg/dds/originator/publisher.go:112.2,116.16 3 1
github.com/DigiSocialBlock/nexus-protocol/pkg/dds/originator/publisher.go:116.16,119.3 2 0
github.com/DigiSocialBlock/nexus-protocol/pkg/dds/originator/publisher.go:120.2,120.71 1 1
github.com/DigiSocialBlock/nexus-protocol/pkg/dds/originator/publisher.go:120.71,123.3 2 0
github.com/DigiSocialBlock/nexus-protocol/pkg/dds/originator/publisher.go:124.2,129.72 3 1
github.com/DigiSocialBlock/nexus-protocol/pkg/dds/originator/publisher.go:129.72,133.3 1 0
github.com/DigiSocialBlock/nexus-protocol/pkg/dds/originator/publisher.go:135.2,135.37 1 1
github.com/DigiSocialBlock/nexus-protocol/pkg/dds/originator/publisher.go:135.37,137.70 2 1
github.com/DigiSocialBlock/nexus-protocol/pkg/dds/originator/publisher.go:137.70,139.4 1 0
github.com/DigiSocialBlock/nexus-protocol/pkg/dds/originator/publisher.go:141.2,150.20 4 1
