mode: set
github.com/DigiSocialBlock/nexus-protocol/pkg/dds/chunking/chunker.go:23.58,24.17 1 1
github.com/DigiSocialBlock/nexus-protocol/pkg/dds/chunking/chunker.go:24.17,28.3 1 1
github.com/DigiSocialBlock/nexus-protocol/pkg/dds/chunking/chunker.go:29.2,29.20 1 1
github.com/DigiSocialBlock/nexus-protocol/pkg/dds/chunking/chunker.go:29.20,31.3 1 1
github.com/DigiSocialBlock/nexus-protocol/pkg/dds/chunking/chunker.go:33.2,37.6 4 1
github.com/DigiSocialBlock/nexus-protocol/pkg/dds/chunking/chunker.go:37.6,39.17 2 1
github.com/DigiSocialBlock/nexus-protocol/pkg/dds/chunking/chunker.go:39.17,40.28 1 1
github.com/DigiSocialBlock/nexus-protocol/pkg/dds/chunking/chunker.go:40.28,41.10 1 1
github.com/DigiSocialBlock/nexus-protocol/pkg/dds/chunking/chunker.go:43.4,43.19 1 0
github.com/DigiSocialBlock/nexus-protocol/pkg/dds/chunking/chunker.go:45.3,45.13 1 1
github.com/DigiSocialBlock/nexus-protocol/pkg/dds/chunking/chunker.go:45.13,46.9 1 0
github.com/DigiSocialBlock/nexus-protocol/pkg/dds/chunking/chunker.go:49.3,51.33 3 1
github.com/DigiSocialBlock/nexus-protocol/pkg/dds/chunking/chunker.go:53.2,53.20 1 1
github.com/DigiSocialBlock/nexus-protocol/pkg/dds/chunking/chunker.go:57.57,58.22 1 1
github.com/DigiSocialBlock/nexus-protocol/pkg/dds/chunking/chunker.go:58.22,60.3 1 1
github.com/DigiSocialBlock/nexus-protocol/pkg/dds/chunking/chunker.go:61.2,62.36 2 1
github.com/DigiSocialBlock/nexus-protocol/pkg/dds/chunking/chunker.go:67.71,68.25 1 1
github.com/DigiSocialBlock/nexus-protocol/pkg/dds/chunking/chunker.go:68.26,71.3 0 1
github.com/DigiSocialBlock/nexus-protocol/pkg/dds/chunking/chunker.go:72.2,76.36 2 1
github.com/DigiSocialBlock/nexus-protocol/pkg/dds/chunking/chunker.go:81.252,83.57 1 1
github.com/DigiSocialBlock/nexus-protocol/pkg/dds/chunking/chunker.go:83.57,91.3 1 1
github.com/DigiSocialBlock/nexus-protocol/pkg/dds/chunking/chunker.go:92.2,92.31 1 1
github.com/DigiSocialBlock/nexus-protocol/pkg/dds/chunking/chunker.go:92.31,94.3 1 1
github.com/DigiSocialBlock/nexus-protocol/pkg/dds/chunking/chunker.go:96.2,104.8 1 1
github.com/DigiSocialBlock/nexus-protocol/pkg/dds/chunking/chunker.go:110.82,111.21 1 1
github.com/DigiSocialBlock/nexus-protocol/pkg/dds/chunking/chunker.go:111.21,113.3 1 1
github.com/DigiSocialBlock/nexus-protocol/pkg/dds/chunking/chunker.go:116.2,117.16 2 1
github.com/DigiSocialBlock/nexus-protocol/pkg/dds/chunking/chunker.go:117.16,119.3 1 0
github.com/DigiSocialBlock/nexus-protocol/pkg/dds/chunking/chunker.go:121.2,122.36 2 1
